c:\users\yuz899\google drive\coding\ecl\ecl_write1\ecl_write1\debug\vc120.pdb
c:\users\yuz899\google drive\coding\ecl\ecl_write1\ecl_write1\debug\vc120.idb
c:\users\yuz899\google drive\coding\ecl\ecl_write1\ecl_write1\debug\main.obj
c:\users\yuz899\google drive\optimization\_gyj\_eclwrite3\ecl_write1\debug\vc120.pdb
c:\users\yuz899\google drive\optimization\_gyj\_eclwrite3\ecl_write1\debug\vc120.idb
c:\users\yuz899\google drive\optimization\_gyj\_eclwrite3\ecl_write1\debug\main.obj
c:\users\yuz899\google drive\optimization\_gyj_2016_alg\_eclwrite3\ecl_write1\debug\vc120.pdb
c:\users\yuz899\google drive\optimization\_gyj_2016_alg\_eclwrite3\ecl_write1\debug\vc120.idb
c:\users\yuz899\google drive\optimization\_gyj_2016_alg\_eclwrite3\ecl_write1\debug\main.obj
c:\users\yuz899\google drive\coding\ecl\ecl_write1\debug\ecl_write1.ilk
c:\users\yuz899\google drive\coding\ecl\ecl_write1\debug\ecl_write1.exe
c:\users\yuz899\google drive\coding\ecl\ecl_write1\debug\ecl_write1.pdb
c:\users\yuz899\google drive\optimization\_gyj\_eclwrite3\debug\ecl_write1.ilk
c:\users\yuz899\google drive\optimization\_gyj\_eclwrite3\debug\ecl_write1.exe
c:\users\yuz899\google drive\optimization\_gyj\_eclwrite3\debug\ecl_write1.pdb
c:\users\yuz899\google drive\optimization\_gyj_2016_alg\_eclwrite3\debug\ecl_write1.ilk
c:\users\yuz899\google drive\optimization\_gyj_2016_alg\_eclwrite3\debug\ecl_write1.exe
c:\users\yuz899\google drive\optimization\_gyj_2016_alg\_eclwrite3\debug\ecl_write1.pdb
c:\users\yuz899\google drive\optimization\_gyj_2016_alg\_eclwrite3\ecl_write1\debug\ecl_write1.tlog\cl.command.1.tlog
c:\users\yuz899\google drive\optimization\_gyj_2016_alg\_eclwrite3\ecl_write1\debug\ecl_write1.tlog\cl.read.1.tlog
c:\users\yuz899\google drive\optimization\_gyj_2016_alg\_eclwrite3\ecl_write1\debug\ecl_write1.tlog\cl.write.1.tlog
c:\users\yuz899\google drive\optimization\_gyj_2016_alg\_eclwrite3\ecl_write1\debug\ecl_write1.tlog\link.command.1.tlog
c:\users\yuz899\google drive\optimization\_gyj_2016_alg\_eclwrite3\ecl_write1\debug\ecl_write1.tlog\link.read.1.tlog
c:\users\yuz899\google drive\optimization\_gyj_2016_alg\_eclwrite3\ecl_write1\debug\ecl_write1.tlog\link.write.1.tlog
