
 Proprietary Notice
 This application contains the confidential and
 proprietary trade secrets of Schlumberger and may
 not be copied or stored in an information retrieval
 system, transferred, used, distributed, translated,
 or retransmitted in any form or by any means, electron
 or mechanical, in whole or in part, without the
 express written permission of the copyright owner.

 ECLIPSE is a mark of Schlumberger. Copyright (c)
 1981-2013 Schlumberger. All rights reserved.

     1 READING RUNSPEC
     2 READING TITLE
     3 READING START
     4 READING FIELD
     5 READING FMTIN
     6 READING FMTOUT
     7 READING GAS
     8 READING OIL
     9 READING DISGAS
    10 READING NSTACK
    11 READING MONITOR
    12 READING RSSPEC
    13 READING NOINSPEC
    14 READING MSGFILE
    15 READING WSEGDIMS
    16 READING DIMENS

 @--MESSAGE  AT TIME        0.0   DAYS    ( 1-DEC-2015):
 @           CHECKING FOR LICENSES
    17 READING EQLDIMS
    18 READING REGDIMS
    19 READING TABDIMS
    20 READING WELLDIMS
    21 READING GRID

 @--MESSAGE  AT TIME        0.0   DAYS    ( 1-DEC-2015):
 @           CHECKING FOR LICENSES

 @--MESSAGE  AT TIME        0.0   DAYS    ( 1-DEC-2015):
 @           THE MEMORY REQUIRED TO PROCESS THE GRID SECTION IS
 @                17259 KBYTES
    23 READING GRIDFILE
    24 READING INIT
    25 READING INCLUDE 11_GOPP.INC
               END OF INCLUDE FILE
    26 READING INCLUDE 11_GGO.INC
    27 READING ECHO
    28 READING GRIDUNIT
    29 READING MAPAXES
    30 READING DXV
    31 READING DYV
    32 READING DZ
    33 READING TOPS
               END OF INCLUDE FILE
    34 READING INCLUDE 11_GPRO.INC
    35 READING EQUALS
    36 READING BOX
    37 READING EQUALS
    38 READING ENDBOX
    39 READING BOX
    40 READING EQUALS
    41 READING ENDBOX
    42 READING BOX
    43 READING EQUALS
    44 READING ENDBOX
    45 READING BOX
    46 READING EQUALS
    47 READING ENDBOX
    48 READING BOX
    49 READING EQUALS
    50 READING ENDBOX
    51 READING BOX
    52 READING EQUALS
    53 READING ENDBOX
    54 READING BOX
    55 READING EQUALS
    56 READING ENDBOX
    57 READING BOX
    58 READING EQUALS
    59 READING ENDBOX
    60 READING BOX
    61 READING EQUALS
    62 READING ENDBOX
    63 READING BOX
    64 READING EQUALS
    65 READING ENDBOX
    66 READING BOX
    67 READING EQUALS
    68 READING ENDBOX
    69 READING BOX
    70 READING EQUALS
    71 READING ENDBOX
    72 READING BOX
    73 READING EQUALS
    74 READING ENDBOX
    75 READING BOX
    76 READING EQUALS
    77 READING ENDBOX
    78 READING BOX
    79 READING EQUALS
    80 READING ENDBOX
    81 READING BOX
    82 READING EQUALS
    83 READING ENDBOX
    84 READING BOX
    85 READING EQUALS
    86 READING ENDBOX
    87 READING BOX
    88 READING EQUALS
    89 READING ENDBOX
    90 READING BOX
    91 READING EQUALS
    92 READING ENDBOX
    93 READING BOX
    94 READING EQUALS
    95 READING ENDBOX
    96 READING BOX
    97 READING EQUALS
    98 READING ENDBOX
    99 READING BOX
   100 READING EQUALS
   101 READING ENDBOX
   102 READING BOX
   103 READING EQUALS
   104 READING ENDBOX
   105 READING BOX
   106 READING EQUALS
   107 READING ENDBOX
   108 READING BOX
   109 READING EQUALS
   110 READING ENDBOX
   111 READING BOX
   112 READING EQUALS
   113 READING ENDBOX
   114 READING BOX
   115 READING EQUALS
   116 READING ENDBOX
   117 READING BOX
   118 READING EQUALS
   119 READING ENDBOX
   120 READING BOX
   121 READING EQUALS
   122 READING ENDBOX
   123 READING BOX
   124 READING EQUALS
   125 READING ENDBOX
   126 READING BOX
   127 READING EQUALS
   128 READING ENDBOX
   129 READING BOX
   130 READING EQUALS
   131 READING ENDBOX
   132 READING BOX
   133 READING EQUALS
   134 READING ENDBOX
   135 READING BOX
   136 READING EQUALS
   137 READING ENDBOX
   138 READING BOX
   139 READING EQUALS
   140 READING ENDBOX
   141 READING BOX
   142 READING EQUALS
   143 READING ENDBOX
   144 READING BOX
   145 READING EQUALS
   146 READING ENDBOX
   147 READING BOX
   148 READING EQUALS
   149 READING ENDBOX
   150 READING BOX
   151 READING EQUALS
   152 READING ENDBOX
   153 READING BOX
   154 READING EQUALS
   155 READING ENDBOX
   156 READING EQUALS
   157 READING BOX
   158 READING EQUALS
   159 READING ENDBOX
   160 READING BOX
   161 READING EQUALS
   162 READING ENDBOX
   163 READING BOX
   164 READING EQUALS
   165 READING ENDBOX
   166 READING BOX
   167 READING EQUALS
   168 READING ENDBOX
   169 READING BOX
   170 READING EQUALS
   171 READING ENDBOX
   172 READING BOX
   173 READING EQUALS
   174 READING ENDBOX
   175 READING BOX
   176 READING EQUALS
   177 READING ENDBOX
   178 READING BOX
   179 READING EQUALS
   180 READING ENDBOX
   181 READING BOX
   182 READING EQUALS
   183 READING ENDBOX
   184 READING BOX
   185 READING EQUALS
   186 READING ENDBOX
   187 READING BOX
   188 READING EQUALS
   189 READING ENDBOX
   190 READING BOX
   191 READING EQUALS
   192 READING ENDBOX
   193 READING BOX
   194 READING EQUALS
   195 READING ENDBOX
   196 READING BOX
   197 READING EQUALS
   198 READING ENDBOX
   199 READING BOX
   200 READING EQUALS
   201 READING ENDBOX
   202 READING BOX
   203 READING EQUALS
   204 READING ENDBOX
   205 READING BOX
   206 READING EQUALS
   207 READING ENDBOX
   208 READING BOX
   209 READING EQUALS
   210 READING ENDBOX
   211 READING BOX
   212 READING EQUALS
   213 READING ENDBOX
   214 READING BOX
   215 READING EQUALS
   216 READING ENDBOX
   217 READING BOX
   218 READING EQUALS
   219 READING ENDBOX
   220 READING BOX
   221 READING EQUALS
   222 READING ENDBOX
   223 READING BOX
   224 READING EQUALS
   225 READING ENDBOX
   226 READING BOX
   227 READING EQUALS
   228 READING ENDBOX
   229 READING BOX
   230 READING EQUALS
   231 READING ENDBOX
   232 READING BOX
   233 READING EQUALS
   234 READING ENDBOX
   235 READING BOX
   236 READING EQUALS
   237 READING ENDBOX
   238 READING BOX
   239 READING EQUALS
   240 READING ENDBOX
   241 READING BOX
   242 READING EQUALS
   243 READING ENDBOX
   244 READING BOX
   245 READING EQUALS
   246 READING ENDBOX
   247 READING BOX
   248 READING EQUALS
   249 READING ENDBOX
   250 READING BOX
   251 READING EQUALS
   252 READING ENDBOX
   253 READING BOX
   254 READING EQUALS
   255 READING ENDBOX
   256 READING BOX
   257 READING EQUALS
   258 READING ENDBOX
   259 READING BOX
   260 READING EQUALS
   261 READING ENDBOX
   262 READING BOX
   263 READING EQUALS
   264 READING ENDBOX
   265 READING BOX
   266 READING EQUALS
   267 READING ENDBOX
   268 READING BOX
   269 READING EQUALS
   270 READING ENDBOX
   271 READING BOX
   272 READING EQUALS
   273 READING ENDBOX
   274 READING BOX
   275 READING EQUALS
   276 READING ENDBOX
   277 READING COPY
   278 READING COPY
               END OF INCLUDE FILE
   279 READING INCLUDE 11_GOTH.INC
   280 READING ECHO
   281 READING OLDTRANR
               END OF INCLUDE FILE
   282 READING PROPS

 @--WARNING  AT TIME        0.0   DAYS    ( 1-DEC-2015):
 @           FLUX FLAG SET IN RUNSPEC BUT FLUXNUM KEYWORD
 @           NOT USED -- SAVE SPACE BY SETTING NTFREG = 0
 @           IN RUNSPEC KEYWORD REGDIMS.

 @--COMMENT  AT TIME        0.0   DAYS    ( 1-DEC-2015):
 @           NO NON-NEIGHBOUR CONNECTIONS FOUND

 @--MESSAGE  AT TIME        0.0   DAYS    ( 1-DEC-2015):
 @           NUMBER OF ACTIVE CELLS IS 39560

 @--MESSAGE  AT TIME        0.0   DAYS    ( 1-DEC-2015):
 @           THE MEMORY REQUIRED TO PROCESS THE SOLUTION SECTION IS
 @                74461 KBYTES

 @--MESSAGE  AT TIME        0.0   DAYS    ( 1-DEC-2015):
 @              62642 CHARACTER VARIABLES USED
   283 READING INCLUDE 11_PVT.INC
   284 READING ECHO
   285 READING RPTPROPS
   286 READING ECHO
   287 READING DENSITY
   288 READING PVDG
   289 READING PVTO

 @--WARNING  AT TIME        0.0   DAYS    ( 1-DEC-2015):
 @           MONOTONICITY WARNING IN PVTO TABLE NUMBER   1
 @           VISCOSITY OF SATURATED OIL (=  1.0900) AT RS =   0.140 IS >
 @           VISCOSITY OF SATURATED OIL (=  1.0400) AT RS =   0.001
   290 READING ECHO
   291 READING ROCK
               END OF INCLUDE FILE
   292 READING INCLUDE 11_SCAL.INC
   293 READING ECHO
   294 READING SGFN
   295 READING SOF2
               END OF INCLUDE FILE
   296 READING REGIONS

 @--WARNING  AT TIME        0.0   DAYS    ( 1-DEC-2015):
 @            NEGATIVE COMPRESSIBILITY FOUND IN GAS
 @            PRESSURE TABLE     1 AND OIL PRESSURE
 @            TABLE     1 AT A SAMPLE PRESSURE VALUE
 @             4980.21724 . ADJUST SATURATED FLUID
 @            PROPERTY VALUES AT THIS PRESSURE.
 @            NEGATIVE COMPRESSIBILITIES OCCUR
 @            FOR GAS SATURATIONS LESS THAN     0.00686

 @--WARNING  AT TIME        0.0   DAYS    ( 1-DEC-2015):
 @            NEGATIVE COMPRESSIBILITY FOUND IN GAS
 @            PRESSURE TABLE     1 AND OIL PRESSURE
 @            TABLE     1 AT A SAMPLE PRESSURE VALUE
 @             5290.56207 . ADJUST SATURATED FLUID
 @            PROPERTY VALUES AT THIS PRESSURE.
 @            NEGATIVE COMPRESSIBILITIES OCCUR
 @            FOR GAS SATURATIONS LESS THAN     0.09837

 @--WARNING  AT TIME        0.0   DAYS    ( 1-DEC-2015):
 @            NEGATIVE COMPRESSIBILITY FOUND IN GAS
 @            PRESSURE TABLE     1 AND OIL PRESSURE
 @            TABLE     1 AT A SAMPLE PRESSURE VALUE
 @             5600.90690 . ADJUST SATURATED FLUID
 @            PROPERTY VALUES AT THIS PRESSURE.
 @            NEGATIVE COMPRESSIBILITIES OCCUR
 @            FOR GAS SATURATIONS LESS THAN     0.17727

 @--WARNING  AT TIME        0.0   DAYS    ( 1-DEC-2015):
 @            NEGATIVE COMPRESSIBILITY FOUND IN GAS
 @            PRESSURE TABLE     1 AND OIL PRESSURE
 @            TABLE     1 AT A SAMPLE PRESSURE VALUE
 @             5911.25172 . ADJUST SATURATED FLUID
 @            PROPERTY VALUES AT THIS PRESSURE.
 @            NEGATIVE COMPRESSIBILITIES OCCUR
 @            FOR GAS SATURATIONS LESS THAN     0.24741

 @--WARNING  AT TIME        0.0   DAYS    ( 1-DEC-2015):
 @            NEGATIVE COMPRESSIBILITY FOUND IN GAS
 @            PRESSURE TABLE     1 AND OIL PRESSURE
 @            TABLE     1 AT A SAMPLE PRESSURE VALUE
 @             6221.59655 . ADJUST SATURATED FLUID
 @            PROPERTY VALUES AT THIS PRESSURE.
 @            NEGATIVE COMPRESSIBILITIES OCCUR
 @            FOR GAS SATURATIONS LESS THAN     0.31031

 @--WARNING  AT TIME        0.0   DAYS    ( 1-DEC-2015):
 @            NEGATIVE COMPRESSIBILITY FOUND IN GAS
 @            PRESSURE TABLE     1 AND OIL PRESSURE
 @            TABLE     1 AT A SAMPLE PRESSURE VALUE
 @             6531.94138 . ADJUST SATURATED FLUID
 @            PROPERTY VALUES AT THIS PRESSURE.
 @            NEGATIVE COMPRESSIBILITIES OCCUR
 @            FOR GAS SATURATIONS LESS THAN     0.36715

 @--WARNING  AT TIME        0.0   DAYS    ( 1-DEC-2015):
 @            NEGATIVE COMPRESSIBILITY FOUND IN GAS
 @            PRESSURE TABLE     1 AND OIL PRESSURE
 @            TABLE     1 AT A SAMPLE PRESSURE VALUE
 @             6842.28621 . ADJUST SATURATED FLUID
 @            PROPERTY VALUES AT THIS PRESSURE.
 @            NEGATIVE COMPRESSIBILITIES OCCUR
 @            FOR GAS SATURATIONS LESS THAN     0.41890

 @--WARNING  AT TIME        0.0   DAYS    ( 1-DEC-2015):
 @            NEGATIVE COMPRESSIBILITY FOUND IN GAS
 @            PRESSURE TABLE     1 AND OIL PRESSURE
 @            TABLE     1 AT A SAMPLE PRESSURE VALUE
 @             7152.63103 . ADJUST SATURATED FLUID
 @            PROPERTY VALUES AT THIS PRESSURE.
 @            NEGATIVE COMPRESSIBILITIES OCCUR
 @            FOR GAS SATURATIONS LESS THAN     0.46631

 @--WARNING  AT TIME        0.0   DAYS    ( 1-DEC-2015):
 @            NEGATIVE COMPRESSIBILITY FOUND IN GAS
 @            PRESSURE TABLE     1 AND OIL PRESSURE
 @            TABLE     1 AT A SAMPLE PRESSURE VALUE
 @             7462.97586 . ADJUST SATURATED FLUID
 @            PROPERTY VALUES AT THIS PRESSURE.
 @            NEGATIVE COMPRESSIBILITIES OCCUR
 @            FOR GAS SATURATIONS LESS THAN     0.51002

 @--WARNING  AT TIME        0.0   DAYS    ( 1-DEC-2015):
 @            NEGATIVE COMPRESSIBILITY FOUND IN GAS
 @            PRESSURE TABLE     1 AND OIL PRESSURE
 @            TABLE     1 AT A SAMPLE PRESSURE VALUE
 @             7773.32069 . ADJUST SATURATED FLUID
 @            PROPERTY VALUES AT THIS PRESSURE.
 @            NEGATIVE COMPRESSIBILITIES OCCUR
 @            FOR GAS SATURATIONS LESS THAN     0.55055

 @--WARNING  AT TIME        0.0   DAYS    ( 1-DEC-2015):
 @            NEGATIVE COMPRESSIBILITY FOUND IN GAS
 @            PRESSURE TABLE     1 AND OIL PRESSURE
 @            TABLE     1 AT A SAMPLE PRESSURE VALUE
 @             8083.66552 . ADJUST SATURATED FLUID
 @            PROPERTY VALUES AT THIS PRESSURE.
 @            NEGATIVE COMPRESSIBILITIES OCCUR
 @            FOR GAS SATURATIONS LESS THAN     0.58833

 @--WARNING  AT TIME        0.0   DAYS    ( 1-DEC-2015):
 @            NEGATIVE COMPRESSIBILITY FOUND IN GAS
 @            PRESSURE TABLE     1 AND OIL PRESSURE
 @            TABLE     1 AT A SAMPLE PRESSURE VALUE
 @             8394.01034 . ADJUST SATURATED FLUID
 @            PROPERTY VALUES AT THIS PRESSURE.
 @            NEGATIVE COMPRESSIBILITIES OCCUR
 @            FOR GAS SATURATIONS LESS THAN     0.62374

 @--WARNING  AT TIME        0.0   DAYS    ( 1-DEC-2015):
 @            NEGATIVE COMPRESSIBILITY FOUND IN GAS
 @            PRESSURE TABLE     1 AND OIL PRESSURE
 @            TABLE     1 AT A SAMPLE PRESSURE VALUE
 @             8704.35517 . ADJUST SATURATED FLUID
 @            PROPERTY VALUES AT THIS PRESSURE.
 @            NEGATIVE COMPRESSIBILITIES OCCUR
 @            FOR GAS SATURATIONS LESS THAN     0.65709

 @--WARNING  AT TIME        0.0   DAYS    ( 1-DEC-2015):
 @            NEGATIVE COMPRESSIBILITY FOUND IN GAS
 @            PRESSURE TABLE     1 AND OIL PRESSURE
 @            TABLE     1 AT A SAMPLE PRESSURE VALUE
 @             9014.70000 . ADJUST SATURATED FLUID
 @            PROPERTY VALUES AT THIS PRESSURE.
 @            NEGATIVE COMPRESSIBILITIES OCCUR
 @            FOR GAS SATURATIONS LESS THAN     0.68864
   297 READING INCLUDE 11_REG.INC
               END OF INCLUDE FILE
   298 READING SOLUTION
   299 READING INCLUDE 11_INIT.INC
   300 READING ECHO
   301 READING PBUB
   302 READING SGAS
   303 READING PRESSURE
   304 READING ECHO
   305 READING RPTSOL
               END OF INCLUDE FILE
   306 READING SUMMARY

 @--WARNING  AT TIME        0.0   DAYS    ( 1-DEC-2015):
 @           INITIAL OIL SATURATION(S) ARE ABOVE MAXIMUM VALUE(S)
 @           IN A TOTAL OF 39560 GRID BLOCK(S) IN THE GLOBAL GRID.
 @           THE HIGHEST VALUE (RELATIVE TO ITS MAXIMUM) OCCURS IN
 @           GRID BLOCK (1, 1, 1) WHERE:
 @           MAXIMUM INITIAL OIL SATURATION IS 0.60000
 @           CURRENT INITIAL OIL SATURATION IS 1.00000
   307 READING INCLUDE 11_SUM.INC
   308 READING FGOR
   309 READING FGPR
   310 READING FGPT
   311 READING FOPR
   312 READING FOPT
   313 READING WBHP
   314 READING WOPR
   315 READING WOPT
               END OF INCLUDE FILE
   316 READING SCHEDULE
   317 READING INCLUDE 11_SCH.INC
   318 READING ECHO
   319 READING RPTRST
   320 READING RPTSCHED
   321 READING WELSPECS
   322 READING COMPDAT
   323 READING COMPDAT
   324 READING COMPDAT
   325 READING COMPDAT
   326 READING COMPDAT
   327 READING COMPDAT
   328 READING COMPDAT
   329 READING COMPDAT
   330 READING COMPDAT
   331 READING COMPDAT
   332 READING COMPDAT
   333 READING COMPDAT
   334 READING COMPDAT
   335 READING COMPDAT
   336 READING COMPDAT
   337 READING COMPDAT
   338 READING COMPDAT
   339 READING COMPDAT
   340 READING COMPDAT
   341 READING COMPDAT
   342 READING COMPDAT
   343 READING COMPDAT
   344 READING COMPDAT
   345 READING COMPDAT
   346 READING COMPDAT
   347 READING COMPDAT
   348 READING COMPDAT
   349 READING COMPDAT
   350 READING COMPDAT
   351 READING COMPDAT
   352 READING COMPDAT
   353 READING COMPDAT
   354 READING COMPDAT
   355 READING COMPDAT
   356 READING COMPDAT
   357 READING COMPDAT
   358 READING COMPDAT
   359 READING COMPDAT
   360 READING COMPDAT
   361 READING COMPDAT
   362 READING COMPDAT
   363 READING COMPDAT
   364 READING COMPDAT
   365 READING COMPDAT
   366 READING COMPDAT
   367 READING COMPDAT
   368 READING COMPDAT
   369 READING COMPDAT
   370 READING COMPDAT
   371 READING COMPDAT
   372 READING COMPDAT
   373 READING COMPDAT
   374 READING COMPDAT
   375 READING COMPDAT
   376 READING COMPDAT
   377 READING COMPDAT
   378 READING COMPDAT
   379 READING COMPDAT
   380 READING COMPDAT
   381 READING COMPDAT
   382 READING COMPDAT
   383 READING COMPDAT
   384 READING COMPDAT
   385 READING COMPDAT
   386 READING COMPDAT
   387 READING COMPDAT
   388 READING COMPDAT
   389 READING COMPDAT
   390 READING COMPDAT
   391 READING COMPDAT
   392 READING COMPDAT
   393 READING COMPDAT
   394 READING COMPDAT
   395 READING COMPDAT
   396 READING COMPDAT
   397 READING COMPDAT
   398 READING COMPDAT
   399 READING COMPDAT
   400 READING COMPDAT
   401 READING COMPDAT
   402 READING COMPDAT
   403 READING COMPDAT
   404 READING COMPDAT
   405 READING COMPDAT
   406 READING COMPDAT
   407 READING COMPDAT
   408 READING COMPDAT
   409 READING COMPDAT
   410 READING COMPDAT
   411 READING COMPDAT
   412 READING COMPDAT
   413 READING COMPDAT
   414 READING COMPDAT
   415 READING COMPDAT
   416 READING COMPDAT
   417 READING COMPDAT
   418 READING COMPDAT
   419 READING COMPDAT
   420 READING COMPDAT
   421 READING COMPDAT
   422 READING COMPDAT
   423 READING COMPDAT
   424 READING COMPDAT
   425 READING COMPDAT
   426 READING COMPDAT
   427 READING COMPDAT
   428 READING COMPDAT
   429 READING COMPDAT
   430 READING COMPDAT
   431 READING COMPDAT
   432 READING COMPDAT
   433 READING COMPDAT
   434 READING COMPDAT
   435 READING COMPDAT
   436 READING COMPDAT
   437 READING COMPDAT
   438 READING COMPDAT
   439 READING COMPDAT
   440 READING COMPDAT
   441 READING COMPDAT
   442 READING COMPDAT
   443 READING COMPDAT
   444 READING COMPDAT
   445 READING COMPDAT
   446 READING COMPDAT
   447 READING COMPDAT
   448 READING COMPDAT
   449 READING COMPDAT
   450 READING COMPDAT
   451 READING COMPDAT
   452 READING COMPDAT
   453 READING COMPDAT
   454 READING COMPDAT
   455 READING COMPDAT
   456 READING COMPDAT
   457 READING COMPDAT
   458 READING COMPDAT
   459 READING COMPDAT
   460 READING COMPDAT
   461 READING COMPDAT
   462 READING COMPDAT
   463 READING COMPDAT
   464 READING COMPDAT
   465 READING COMPDAT
   466 READING COMPDAT
   467 READING COMPDAT
   468 READING COMPDAT
   469 READING COMPDAT
   470 READING COMPDAT
   471 READING COMPDAT
   472 READING COMPDAT
   473 READING COMPDAT
   474 READING COMPDAT
   475 READING COMPDAT
   476 READING COMPDAT
   477 READING COMPDAT
   478 READING COMPDAT
   479 READING COMPDAT
   480 READING COMPDAT
   481 READING COMPDAT
   482 READING COMPDAT
   483 READING COMPDAT
   484 READING COMPDAT
   485 READING COMPDAT
   486 READING COMPDAT
   487 READING COMPDAT
   488 READING COMPDAT
   489 READING COMPDAT
   490 READING COMPDAT
   491 READING COMPDAT
   492 READING COMPDAT
   493 READING COMPDAT
   494 READING COMPDAT
   495 READING COMPDAT
   496 READING COMPDAT
   497 READING COMPDAT
   498 READING COMPDAT
   499 READING COMPDAT
   500 READING COMPDAT
   501 READING COMPDAT
   502 READING COMPDAT
   503 READING COMPDAT
   504 READING COMPDAT
   505 READING COMPDAT
   506 READING COMPDAT
   507 READING COMPDAT
   508 READING COMPDAT
   509 READING COMPDAT
   510 READING COMPDAT
   511 READING COMPDAT
   512 READING COMPDAT
   513 READING COMPDAT
   514 READING COMPDAT
   515 READING COMPDAT
   516 READING COMPDAT
   517 READING COMPDAT
   518 READING COMPDAT
   519 READING COMPDAT
   520 READING COMPDAT
   521 READING COMPDAT
   522 READING COMPDAT
   523 READING COMPDAT
   524 READING COMPDAT
   525 READING COMPDAT
   526 READING COMPDAT
   527 READING COMPDAT
   528 READING COMPDAT
   529 READING COMPDAT
   530 READING COMPDAT
   531 READING COMPDAT
   532 READING COMPDAT
   533 READING COMPDAT
   534 READING COMPDAT
   535 READING COMPDAT
   536 READING COMPDAT
   537 READING COMPDAT
   538 READING COMPDAT
   539 READING COMPDAT
   540 READING COMPDAT
   541 READING COMPDAT
   542 READING COMPDAT
   543 READING COMPDAT
   544 READING COMPDAT
   545 READING COMPDAT
   546 READING COMPDAT
   547 READING COMPDAT
   548 READING COMPDAT
   549 READING COMPDAT
   550 READING COMPDAT
   551 READING COMPDAT
   552 READING COMPDAT
   553 READING COMPDAT
   554 READING COMPDAT
   555 READING COMPDAT
   556 READING COMPDAT
   557 READING COMPDAT
   558 READING COMPDAT
   559 READING COMPDAT
   560 READING COMPDAT
   561 READING COMPDAT
   562 READING COMPDAT
   563 READING COMPDAT
   564 READING COMPDAT
   565 READING COMPDAT
   566 READING COMPDAT
   567 READING COMPDAT
   568 READING COMPDAT
   569 READING COMPDAT
   570 READING COMPDAT
   571 READING COMPDAT
   572 READING COMPDAT
   573 READING COMPDAT
   574 READING COMPDAT
   575 READING COMPDAT
   576 READING COMPDAT
   577 READING COMPDAT
   578 READING COMPDAT
   579 READING COMPDAT
   580 READING COMPDAT
   581 READING COMPDAT
   582 READING COMPDAT
   583 READING COMPDAT
   584 READING COMPDAT
   585 READING COMPDAT
   586 READING COMPDAT
   587 READING COMPDAT
   588 READING COMPDAT
   589 READING COMPDAT
   590 READING COMPDAT
   591 READING COMPDAT
   592 READING COMPDAT
   593 READING COMPDAT
   594 READING COMPDAT
   595 READING COMPDAT
   596 READING COMPDAT
   597 READING COMPDAT
   598 READING COMPDAT
   599 READING COMPDAT
   600 READING COMPDAT
   601 READING COMPDAT
   602 READING COMPDAT
   603 READING COMPDAT
   604 READING COMPDAT
   605 READING COMPDAT
   606 READING COMPDAT
   607 READING COMPDAT
   608 READING COMPDAT
   609 READING COMPDAT
   610 READING COMPDAT
   611 READING COMPDAT
   612 READING COMPDAT
   613 READING COMPDAT
   614 READING COMPDAT
   615 READING COMPDAT
   616 READING COMPDAT
   617 READING COMPDAT
   618 READING COMPDAT
   619 READING COMPDAT
   620 READING COMPDAT
   621 READING COMPDAT
   622 READING COMPDAT
   623 READING COMPDAT
   624 READING COMPDAT
   625 READING COMPDAT
   626 READING COMPDAT
   627 READING COMPDAT
   628 READING COMPDAT
   629 READING COMPDAT
   630 READING COMPDAT
   631 READING COMPDAT
   632 READING COMPDAT
   633 READING COMPDAT
   634 READING COMPDAT
   635 READING COMPDAT
   636 READING COMPDAT
   637 READING COMPDAT
   638 READING COMPDAT
   639 READING COMPDAT
   640 READING COMPDAT
   641 READING COMPDAT
   642 READING COMPDAT
   643 READING COMPDAT
   644 READING COMPDAT
   645 READING COMPDAT
   646 READING COMPDAT
   647 READING COMPDAT
   648 READING COMPDAT
   649 READING COMPDAT
   650 READING COMPDAT
   651 READING COMPDAT
   652 READING COMPDAT
   653 READING COMPDAT
   654 READING COMPDAT
   655 READING COMPDAT
   656 READING COMPDAT
   657 READING COMPDAT
   658 READING COMPDAT
   659 READING COMPDAT
   660 READING COMPDAT
   661 READING COMPDAT
   662 READING COMPDAT
   663 READING COMPDAT
   664 READING COMPDAT
   665 READING COMPDAT
   666 READING COMPDAT
   667 READING COMPDAT
   668 READING COMPDAT
   669 READING COMPDAT
   670 READING COMPDAT
   671 READING COMPDAT
   672 READING COMPDAT
   673 READING COMPDAT
   674 READING COMPDAT
   675 READING COMPDAT
   676 READING COMPDAT
   677 READING COMPDAT
   678 READING COMPDAT
   679 READING COMPDAT
   680 READING COMPDAT
   681 READING COMPDAT
   682 READING COMPDAT
   683 READING COMPDAT
   684 READING COMPDAT
   685 READING COMPDAT
   686 READING COMPDAT
   687 READING COMPDAT
   688 READING COMPDAT
   689 READING COMPDAT
   690 READING COMPDAT
   691 READING COMPDAT
   692 READING COMPDAT
   693 READING COMPDAT
   694 READING COMPDAT
   695 READING COMPDAT
   696 READING COMPDAT
   697 READING COMPDAT
   698 READING COMPDAT
   699 READING COMPDAT
   700 READING COMPDAT
   701 READING COMPDAT
   702 READING COMPDAT
   703 READING COMPDAT
   704 READING COMPDAT
   705 READING COMPDAT
   706 READING COMPDAT
   707 READING COMPDAT
   708 READING COMPDAT
   709 READING COMPDAT
   710 READING COMPDAT
   711 READING COMPDAT
   712 READING COMPDAT
   713 READING COMPDAT
   714 READING COMPDAT
   715 READING COMPDAT
   716 READING COMPDAT
   717 READING COMPDAT
   718 READING COMPDAT
   719 READING COMPDAT
   720 READING COMPDAT
   721 READING COMPDAT
   722 READING COMPDAT
   723 READING COMPDAT
   724 READING COMPDAT
   725 READING COMPDAT
   726 READING COMPDAT
   727 READING COMPDAT
   728 READING COMPDAT
   729 READING COMPDAT
   730 READING COMPDAT
   731 READING COMPDAT
   732 READING COMPDAT
   733 READING COMPDAT
   734 READING COMPDAT
   735 READING COMPDAT
   736 READING COMPDAT
   737 READING COMPDAT
   738 READING COMPDAT
   739 READING COMPDAT
   740 READING COMPDAT
   741 READING COMPDAT
   742 READING COMPDAT
   743 READING COMPDAT
   744 READING COMPDAT
   745 READING COMPDAT
   746 READING COMPDAT
   747 READING COMPDAT
   748 READING COMPDAT
   749 READING COMPDAT
   750 READING COMPDAT
   751 READING COMPDAT
   752 READING COMPDAT
   753 READING COMPDAT
   754 READING COMPDAT
   755 READING COMPDAT
   756 READING COMPDAT
   757 READING COMPDAT
   758 READING COMPDAT
   759 READING COMPDAT
   760 READING COMPDAT
   761 READING COMPDAT
   762 READING ZIPP2OFF
   763 READING WCONPROD
   764 READING TSTEP

 @--MESSAGE  AT TIME        0.0   DAYS    ( 1-DEC-2015):
 @           DRSDT KEYWORD HAS NOT BEEN ENTERED, SO THE
 @           MAXIMUM GAS RE-SOLUTION RATE IS DEFAULTED TO INFINITY.

 IT= 0   CNV      CELL     MAT BAL   DPRESS    DSGAS
 OIL2.50E+02( 22,  1,  1)  5.4D-02     0.00  0.00000
 GAS2.50E+02( 22,  1,  1)  5.4D-02     0.00  0.00000

       LINIT= 3 NSCHP=         0 NCHOP=     12920 NSTAT1,2,3=         0         0
 IT= 1   CNV      CELL     MAT BAL   DPRESS    DSGAS
 OIL2.08E+02( 22,  1,  1)  4.2D-02 -1500.00  0.00000
 GAS2.08E+02( 22,  1,  1)  4.2D-02 -1500.00  0.00000

       LINIT= 3 NSCHP=         0 NCHOP=     10760 NSTAT1,2,3=         0     11400
 IT= 2   CNV      CELL     MAT BAL   DPRESS    DSGAS
 OIL1.53E+02( 22,  1,  1)  3.2D-02 -2400.00  0.00000
 GAS1.31E+02( 22,  1,  1)  1.9D-02 -2400.00  0.00000

       LINIT= 3 NSCHP=      2120 NCHOP=         0 NSTAT1,2,3=         0      6840
 IT= 3   CNV      CELL     MAT BAL   DPRESS    DSGAS
 OIL47.44359( 22,  1,  1)  8.2D-03 -3403.54  0.20000
 GAS26.37147( 22,  1,  1)  1.1D-03 -3403.54  0.20000

       LINIT= 3 NSCHP=       440 NCHOP=      3040 NSTAT1,2,3=         0      6760
 IT= 4   CNV      CELL     MAT BAL   DPRESS    DSGAS
 OIL 5.00042( 65,  1,  1)  6.0D-04 -3653.53  0.40000
 GAS 2.32894( 65,  1,  1)  1.6D-04 -3653.53  0.40000

       LINIT= 2 NSCHP=       560 NCHOP=      3040 NSTAT1,2,3=         0      6680
 IT= 5   CNV      CELL     MAT BAL   DPRESS    DSGAS
 OIL 0.08891( 65,  1,  1) -5.3D-05 -3690.36  0.40242
 GAS-0.20021( 22,  1,  1)  1.3D-04 -3690.36  0.40242

       LINIT= 2 NSCHP=         0 NCHOP=      1520 NSTAT1,2,3=         0      6680
 IT= 6   CNV      CELL     MAT BAL   DPRESS    DSGAS
 OIL-0.00278( 29, 11,  1) -2.1D-05 -1104.99  0.00000
 GAS 0.00838( 58, 11,  1)  3.3D-05 -1104.99  0.00000

       LINIT= 1 NSCHP=         0 NCHOP=         0 NSTAT1,2,3=         0      6680
 IT= 7   CNV      CELL     MAT BAL   DPRESS    DSGAS
 OIL-0.00001(***, 12,  1)  7.7D-09 -3191.67  0.36042
 GAS-0.00002( 72, 11,  1) -1.7D-07 -1104.72  0.00000

 STEP    1 TIME=      1.00  DAYS (    +1.0  DAYS INIT  7 ITS) (2-DEC-2015)
  PAV=  5817.2  PSIA   WCT= 0.00 GOR=     0.54 MSCF/STB WGR= 0.00000  STB/MSCF

 IT= 0   CNV      CELL     MAT BAL   DPRESS    DSGAS
 OIL 0.17231( 21,  6,  1)  5.8D-03     0.00  0.00000
 GAS 0.11152( 22,  1,  1)  3.2D-03     0.00  0.00000

       LINIT= 3 NSCHP=      1240 NCHOP=         0 NSTAT1,2,3=         0      8360
 IT= 1   CNV      CELL     MAT BAL   DPRESS    DSGAS
 OIL 0.17197( 21,  7,  1)  1.5D-03  -353.12  0.00038
 GAS-0.11479( 61, 18,  1) -1.4D-03  -412.78  0.00000

       LINIT= 3 NSCHP=        40 NCHOP=         0 NSTAT1,2,3=         0      8360
 IT= 2   CNV      CELL     MAT BAL   DPRESS    DSGAS
 OIL-0.05473(***,  4,  1)  2.4D-04  -410.75  0.03197
 GAS-0.05533(***,  4,  1) -3.0D-04  -410.75  0.03197

       LINIT= 2 NSCHP=         0 NCHOP=         0 NSTAT1,2,3=         0      8360
 IT= 3   CNV      CELL     MAT BAL   DPRESS    DSGAS
 OIL-0.00117(***,  4,  1) -1.7D-08  -411.68  0.03593
 GAS 0.00573(***,  4,  1) -7.3D-07  -411.68  0.03593

       LINIT= 1 NSCHP=         0 NCHOP=         0 NSTAT1,2,3=         0      8360
 IT= 4   CNV      CELL     MAT BAL   DPRESS    DSGAS
 OIL-0.00004( 23,  1,  1)  1.4D-09  -443.83  0.01639
 GAS-0.00005( 23,  6,  1) -5.1D-09  -455.39  0.01733

 STEP    2 TIME=      1.50  DAYS (   +12.0 HOURS TRNC  4 ITS) (2-DEC-2015)
  PAV=  5778.5  PSIA   WCT= 0.00 GOR=     1.44 MSCF/STB WGR= 0.00000  STB/MSCF

 IT= 0   CNV      CELL     MAT BAL   DPRESS    DSGAS
 OIL 0.07751( 66, 19,  1)  2.2D-03     0.00  0.00000
 GAS 0.10739(***,  7,  1)  3.3D-03     0.00  0.00000

       LINIT= 3 NSCHP=       960 NCHOP=         0 NSTAT1,2,3=         0      9400
 IT= 1   CNV      CELL     MAT BAL   DPRESS    DSGAS
 OIL-0.05029( 22,  9,  1)  3.0D-05  -229.72  0.02473
 GAS-0.04596( 22,  9,  1) -5.0D-04  -229.72  0.02473

       LINIT= 2 NSCHP=         0 NCHOP=         0 NSTAT1,2,3=         0      9320
 IT= 2   CNV      CELL     MAT BAL   DPRESS    DSGAS
 OIL 0.00470( 65, 10,  1)  3.3D-06  -205.34  0.02224
 GAS-0.00413( 65,  9,  1) -8.0D-06  -200.62  0.02121

       LINIT= 1 NSCHP=         0 NCHOP=         0 NSTAT1,2,3=         0      9320
 IT= 3   CNV      CELL     MAT BAL   DPRESS    DSGAS
 OIL 0.00005( 66,  3,  1)  4.3D-10  -204.93  0.00405
 GAS 0.00004( 66,  3,  1) -1.9D-09  -204.93  0.00405

 STEP    3 TIME=      1.87  DAYS (    +8.8 HOURS TRNC  3 ITS) (2-DEC-2015)
  PAV=  5755.1  PSIA   WCT= 0.00 GOR=     2.02 MSCF/STB WGR= 0.00000  STB/MSCF

 IT= 0   CNV      CELL     MAT BAL   DPRESS    DSGAS
 OIL 0.07950( 20, 12,  1)  1.7D-03     0.00  0.00000
 GAS 0.11280( 23, 19,  1)  3.5D-03     0.00  0.00000

       LINIT= 3 NSCHP=       640 NCHOP=         0 NSTAT1,2,3=         0      9880
 IT= 1   CNV      CELL     MAT BAL   DPRESS    DSGAS
 OIL 0.08517( 24, 12,  1)  2.4D-04  -182.49  0.00018
 GAS 0.06370( 65, 10,  1) -3.8D-04  -176.39  0.01327

       LINIT= 2 NSCHP=         0 NCHOP=         0 NSTAT1,2,3=         0      9880
 IT= 2   CNV      CELL     MAT BAL   DPRESS    DSGAS
 OIL 0.00294(***, 12,  1)  2.2D-07  -255.21  0.01457
 GAS-0.01031( 20, 12,  1)  1.4D-06  -255.22  0.01457

       LINIT= 2 NSCHP=         0 NCHOP=         0 NSTAT1,2,3=         0      9880
 IT= 3   CNV      CELL     MAT BAL   DPRESS    DSGAS
 OIL 0.00000( 64, 12,  1)  8.5D-11  -205.98  0.01253
 GAS 0.00002(***, 12,  1)  1.6D-10  -205.98  0.01253

 STEP    4 TIME=      2.29  DAYS (   +10.1 HOURS TRNC  3 ITS) (3-DEC-2015)
  PAV=  5732.9  PSIA   WCT= 0.00 GOR=     2.63 MSCF/STB WGR= 0.00000  STB/MSCF

 IT= 0   CNV      CELL     MAT BAL   DPRESS    DSGAS
 OIL 0.06381( 67, 19,  1)  1.3D-03     0.00  0.00000
 GAS 0.09981(***, 19,  1)  3.5D-03     0.00  0.00000

       LINIT= 3 NSCHP=         0 NCHOP=         0 NSTAT1,2,3=         0     11240
 IT= 1   CNV      CELL     MAT BAL   DPRESS    DSGAS
 OIL-0.03591(***,  7,  1) -5.0D-05  -132.64  0.00876
 GAS-0.04499(***,  7,  1) -1.1D-04  -132.64  0.00876

       LINIT= 2 NSCHP=         0 NCHOP=         0 NSTAT1,2,3=         0     11160
 IT= 2   CNV      CELL     MAT BAL   DPRESS    DSGAS
 OIL-0.00067( 72, 17,  1) -9.7D-07  -164.13  0.00000
 GAS-0.00238(***,  7,  1) -3.8D-07  -126.83  0.00599

       LINIT= 1 NSCHP=         0 NCHOP=         0 NSTAT1,2,3=         0     11160
 IT= 3   CNV      CELL     MAT BAL   DPRESS    DSGAS
 OIL 0.00000( 66, 12,  1)  2.8D-11  -163.94 -0.00068
 GAS 0.00000( 23,  6,  1) -7.0D-10  -143.16 -0.00270

 STEP    5 TIME=      2.80  DAYS (   +12.2 HOURS TRNC  3 ITS) (3-DEC-2015)
  PAV=  5710.7  PSIA   WCT= 0.00 GOR=     2.84 MSCF/STB WGR= 0.00000  STB/MSCF

 IT= 0   CNV      CELL     MAT BAL   DPRESS    DSGAS
 OIL 0.07305(***, 14,  1)  1.1D-03     0.00  0.00000
 GAS 0.10077( 24, 19,  1)  3.4D-03     0.00  0.00000

       LINIT= 3 NSCHP=      1520 NCHOP=         0 NSTAT1,2,3=         0     11400
 IT= 1   CNV      CELL     MAT BAL   DPRESS    DSGAS
 OIL 0.05968( 19,  1,  1)  1.2D-04  -144.60  0.00944
 GAS-0.04528(***, 17,  1) -1.4D-04  -177.73  0.00000

       LINIT= 2 NSCHP=         0 NCHOP=         0 NSTAT1,2,3=         0     11400
 IT= 2   CNV      CELL     MAT BAL   DPRESS    DSGAS
 OIL 0.00141(***,  1,  1)  4.7D-07  -202.50  0.02021
 GAS-0.00496(***,  1,  1)  3.3D-07  -202.51  0.02021

       LINIT= 2 NSCHP=         0 NCHOP=         0 NSTAT1,2,3=         0     11400
 IT= 3   CNV      CELL     MAT BAL   DPRESS    DSGAS
 OIL-0.00003( 66,  1,  1)  2.3D-11  -108.34  0.00401
 GAS-0.00002( 23,  1,  1) -2.7D-10  -108.34  0.00401

 STEP    6 TIME=      3.45  DAYS (   +15.7 HOURS TRNC  3 ITS) (4-DEC-2015)
  PAV=  5687.7  PSIA   WCT= 0.00 GOR=     2.84 MSCF/STB WGR= 0.00000  STB/MSCF

 IT= 0   CNV      CELL     MAT BAL   DPRESS    DSGAS
 OIL 0.08305( 25, 19,  1)  1.1D-03     0.00  0.00000
 GAS 0.08579( 63, 19,  1)  3.2D-03     0.00  0.00000

       LINIT= 3 NSCHP=         0 NCHOP=         0 NSTAT1,2,3=         0     12920
 IT= 1   CNV      CELL     MAT BAL   DPRESS    DSGAS
 OIL 0.00911(***,  1,  1)  1.1D-04  -179.68  0.00000
 GAS-0.02175( 30,  1,  1) -7.2D-05  -179.68  0.00000

       LINIT= 2 NSCHP=         0 NCHOP=         0 NSTAT1,2,3=         0     12920
 IT= 2   CNV      CELL     MAT BAL   DPRESS    DSGAS
 OIL-0.00016( 22, 12,  1)  1.2D-07   -80.08 -0.00128
 GAS 0.00071( 65, 12,  1) -4.9D-07   -80.08 -0.00128

       LINIT= 1 NSCHP=         0 NCHOP=         0 NSTAT1,2,3=         0     12920
 IT= 3   CNV      CELL     MAT BAL   DPRESS    DSGAS
 OIL 0.00000( 66, 19,  1)  3.6D-11  -118.82  0.00479
 GAS-0.00001(***, 19,  1) -1.6D-10  -118.82  0.00479

 STEP    7 TIME=      4.34  DAYS (   +21.4 HOURS TRNC  3 ITS) (5-DEC-2015)
  PAV=  5661.3  PSIA   WCT= 0.00 GOR=     2.72 MSCF/STB WGR= 0.00000  STB/MSCF

 IT= 0   CNV      CELL     MAT BAL   DPRESS    DSGAS
 OIL 0.06324( 18,  1,  1)  8.7D-04     0.00  0.00000
 GAS 0.08150( 25, 19,  1)  2.5D-03     0.00  0.00000

       LINIT= 2 NSCHP=       640 NCHOP=         0 NSTAT1,2,3=         0     12920
 IT= 1   CNV      CELL     MAT BAL   DPRESS    DSGAS
 OIL 0.00956( 18,  1,  1) -1.4D-05  -134.44  0.04639
 GAS-0.00622( 18,  1,  1)  1.3D-05  -134.44  0.04639

       LINIT= 2 NSCHP=        80 NCHOP=         0 NSTAT1,2,3=         0     12920
 IT= 2   CNV      CELL     MAT BAL   DPRESS    DSGAS
 OIL 0.00132( 69,  9,  1)  1.2D-07  -137.47  0.05461
 GAS-0.00077( 26,  9,  1) -7.6D-08  -137.47  0.05461

 STEP    8 TIME=      5.37  DAYS (    +1.0  DAYS TRNC  2 ITS) (6-DEC-2015)
  PAV=  5636.1  PSIA   WCT= 0.00 GOR=     2.40 MSCF/STB WGR= 0.00000  STB/MSCF

 IT= 0   CNV      CELL     MAT BAL   DPRESS    DSGAS
 OIL 0.12081(***, 19,  1)  1.5D-03     0.00  0.00000
 GAS 0.11366( 25, 19,  1)  3.7D-03     0.00  0.00000

       LINIT= 3 NSCHP=       800 NCHOP=         0 NSTAT1,2,3=         0     14440
 IT= 1   CNV      CELL     MAT BAL   DPRESS    DSGAS
 OIL 0.09826( 18, 10,  1)  4.0D-04  -187.20  0.00044
 GAS-0.05746( 61, 10,  1) -4.7D-04  -187.20  0.00044

       LINIT= 3 NSCHP=         0 NCHOP=         0 NSTAT1,2,3=         0     14440
 IT= 2   CNV      CELL     MAT BAL   DPRESS    DSGAS
 OIL 0.00227( 18, 13,  1)  8.1D-07  -234.54  0.01549
 GAS-0.00635( 18, 10,  1)  1.8D-06  -234.86  0.00973

       LINIT= 2 NSCHP=         0 NCHOP=         0 NSTAT1,2,3=         0     14440
 IT= 3   CNV      CELL     MAT BAL   DPRESS    DSGAS
 OIL 0.00000( 66, 10,  1) -1.3D-11   -59.83  0.00216
 GAS 0.00001( 19, 13,  1)  3.4D-10  -171.88  0.00621

 STEP    9 TIME=      7.61  DAYS (    +2.2  DAYS TRNC  3 ITS) (8-DEC-2015)
  PAV=  5591.5  PSIA   WCT= 0.00 GOR=     1.83 MSCF/STB WGR= 0.00000  STB/MSCF

 IT= 0   CNV      CELL     MAT BAL   DPRESS    DSGAS
 OIL 0.06701(***,  9,  1)  1.2D-03     0.00  0.00000
 GAS 0.07053( 61,  9,  1)  2.2D-03     0.00  0.00000

       LINIT= 3 NSCHP=       960 NCHOP=         0 NSTAT1,2,3=         0     15960
 IT= 1   CNV      CELL     MAT BAL   DPRESS    DSGAS
 OIL 0.01098(***,  1,  1)  4.8D-05  -138.00  0.04833
 GAS-0.01456( 32,  1,  1) -8.6D-05  -172.97  0.00000

       LINIT= 2 NSCHP=       160 NCHOP=         0 NSTAT1,2,3=         0     15960
 IT= 2   CNV      CELL     MAT BAL   DPRESS    DSGAS
 OIL 0.00250(***, 13,  1)  9.1D-07  -142.70  0.05691
 GAS-0.00148( 70, 13,  1) -4.0D-07  -142.70  0.05691

       LINIT= 2 NSCHP=         0 NCHOP=         0 NSTAT1,2,3=         0     15960
 IT= 3   CNV      CELL     MAT BAL   DPRESS    DSGAS
 OIL-0.00001( 15, 13,  1) -2.7D-09  -152.32  0.04385
 GAS 0.00001( 29, 13,  1)  1.5D-09  -152.32  0.04385

 STEP   10 TIME=      9.73  DAYS (    +2.1  DAYS TRNC  3 ITS) (10-DEC-2015)
  PAV=  5555.4  PSIA   WCT= 0.00 GOR=     1.45 MSCF/STB WGR= 0.00000  STB/MSCF

 IT= 0   CNV      CELL     MAT BAL   DPRESS    DSGAS
 OIL 0.10821( 70, 18,  1)  2.0D-03     0.00  0.00000
 GAS 0.08778( 26, 18,  1)  3.1D-03     0.00  0.00000

       LINIT= 3 NSCHP=       400 NCHOP=         0 NSTAT1,2,3=         0     17080
 IT= 1   CNV      CELL     MAT BAL   DPRESS    DSGAS
 OIL 0.08946( 17, 15,  1)  1.8D-04  -167.76  0.00071
 GAS-0.05302(***, 15,  1) -2.5D-04  -167.76  0.00071

       LINIT= 3 NSCHP=         0 NCHOP=         0 NSTAT1,2,3=         0     16200
 IT= 2   CNV      CELL     MAT BAL   DPRESS    DSGAS
 OIL 0.00188( 27, 15,  1) -3.2D-06  -208.10  0.00861
 GAS-0.00468(***, 15,  1)  3.9D-06  -208.10  0.00861

       LINIT= 2 NSCHP=         0 NCHOP=         0 NSTAT1,2,3=         0     16200
 IT= 3   CNV      CELL     MAT BAL   DPRESS    DSGAS
 OIL 0.00001(***, 14,  1)  2.0D-10   -26.15  0.00186
 GAS-0.00001( 23, 15,  1) -2.7D-09   -26.46  0.00194

 STEP   11 TIME=     13.69  DAYS (    +4.0  DAYS TRNC  3 ITS) (14-DEC-2015)
  PAV=  5498.7  PSIA   WCT= 0.00 GOR=     1.13 MSCF/STB WGR= 0.00000  STB/MSCF

 IT= 0   CNV      CELL     MAT BAL   DPRESS    DSGAS
 OIL 0.06726(***,  1,  1)  2.0D-03     0.00  0.00000
 GAS 0.06580( 60, 14,  1)  2.4D-03     0.00  0.00000

       LINIT= 2 NSCHP=      1520 NCHOP=         0 NSTAT1,2,3=         0     17480
 IT= 1   CNV      CELL     MAT BAL   DPRESS    DSGAS
 OIL 0.02543(***,  1,  1)  3.3D-04  -137.41  0.03678
 GAS-0.04887(***,  6,  1) -6.0D-04  -178.42  0.00000

       LINIT= 2 NSCHP=         0 NCHOP=         0 NSTAT1,2,3=         0     17480
 IT= 2   CNV      CELL     MAT BAL   DPRESS    DSGAS
 OIL 0.00019( 54,  5,  1)  1.2D-06  -133.09  0.02570
 GAS-0.00051(***,  1,  1)  2.3D-06  -148.19  0.03991

       LINIT= 1 NSCHP=         0 NCHOP=         0 NSTAT1,2,3=         0     17480
 IT= 3   CNV      CELL     MAT BAL   DPRESS    DSGAS
 OIL 0.00002(***,  1,  1) -4.5D-11   -19.04 -0.00015
 GAS 0.00002(***,  1,  1) -3.1D-10   -19.04 -0.00015

 STEP   12 TIME=     17.62  DAYS (    +3.9  DAYS TRNC  3 ITS) (18-DEC-2015)
  PAV=  5450.4  PSIA   WCT= 0.00 GOR=     0.99 MSCF/STB WGR= 0.00000  STB/MSCF

 IT= 0   CNV      CELL     MAT BAL   DPRESS    DSGAS
 OIL 0.08539( 71, 19,  1)  3.3D-03     0.00  0.00000
 GAS 0.07688( 17, 18,  1)  3.5D-03     0.00  0.00000

       LINIT= 3 NSCHP=         0 NCHOP=         0 NSTAT1,2,3=         0     19000
 IT= 1   CNV      CELL     MAT BAL   DPRESS    DSGAS
 OIL 0.01233(***,  1,  1)  1.6D-04  -223.97  0.00000
 GAS-0.03516(***,  1,  1) -5.4D-04  -223.97  0.00000

       LINIT= 2 NSCHP=         0 NCHOP=         0 NSTAT1,2,3=         0     19000
 IT= 2   CNV      CELL     MAT BAL   DPRESS    DSGAS
 OIL 0.00009( 10,  1,  1)  4.3D-07  -192.03  0.01789
 GAS 0.00021( 10,  1,  1)  7.2D-07  -192.03  0.01789

       LINIT= 1 NSCHP=         0 NCHOP=         0 NSTAT1,2,3=         0     19000
 IT= 3   CNV      CELL     MAT BAL   DPRESS    DSGAS
 OIL-0.00002( 23,  8,  1) -6.5D-12   -21.96  0.00041
 GAS-0.00001( 23,  8,  1) -5.1D-11   -21.96  0.00041

 STEP   13 TIME=     24.44  DAYS (    +6.8  DAYS TRNC  3 ITS) (25-DEC-2015)
  PAV=  5378.0  PSIA   WCT= 0.00 GOR=     0.92 MSCF/STB WGR= 0.00000  STB/MSCF

 IT= 0   CNV      CELL     MAT BAL   DPRESS    DSGAS
 OIL 0.07387( 58,  1,  1)  3.3D-03     0.00  0.00000
 GAS 0.06656( 16, 18,  1)  3.2D-03     0.00  0.00000

       LINIT= 3 NSCHP=      1520 NCHOP=         0 NSTAT1,2,3=         0     20440
 IT= 1   CNV      CELL     MAT BAL   DPRESS    DSGAS
 OIL 0.04994(***,  1,  1)  2.7D-04  -137.53  0.01946
 GAS-0.02746(***,  1,  1) -3.6D-04  -137.53  0.01946

       LINIT= 3 NSCHP=         0 NCHOP=         0 NSTAT1,2,3=         0     20440
 IT= 2   CNV      CELL     MAT BAL   DPRESS    DSGAS
 OIL 0.00053( 29,  1,  1) -6.7D-07  -159.91  0.02453
 GAS-0.00189(101,  1,  1)  2.7D-06  -159.91  0.02453

       LINIT= 2 NSCHP=         0 NCHOP=         0 NSTAT1,2,3=         0     20440
 IT= 3   CNV      CELL     MAT BAL   DPRESS    DSGAS
 OIL 0.00001(***, 19,  1) -1.8D-10   -20.78  0.00054
 GAS 0.00000(***, 19,  1)  1.0D-09   -20.78  0.00054

 STEP   14 TIME=     31.92  DAYS (    +7.5  DAYS TRNC  3 ITS) (1-JAN-2016)
  PAV=  5308.4  PSIA   WCT= 0.00 GOR=     0.91 MSCF/STB WGR= 0.00000  STB/MSCF

 IT= 0   CNV      CELL     MAT BAL   DPRESS    DSGAS
 OIL 0.06707(100,  1,  1)  4.0D-03     0.00  0.00000
 GAS 0.06326( 28, 18,  1)  3.9D-03     0.00  0.00000

       LINIT= 3 NSCHP=         0 NCHOP=         0 NSTAT1,2,3=         0     20520
 IT= 1   CNV      CELL     MAT BAL   DPRESS    DSGAS
 OIL 0.01804(  9, 19,  1)  2.7D-05  -186.12  0.00000
 GAS-0.05226(  9, 19,  1) -2.5D-04  -186.12  0.00000

       LINIT= 2 NSCHP=         0 NCHOP=         0 NSTAT1,2,3=         0     20520
 IT= 2   CNV      CELL     MAT BAL   DPRESS    DSGAS
 OIL 0.00023( 20, 19,  1)  4.1D-07   -37.84 -0.00028
 GAS 0.00045(  9, 19,  1)  9.5D-07  -142.55  0.02721

       LINIT= 1 NSCHP=         0 NCHOP=         0 NSTAT1,2,3=         0     20520
 IT= 3   CNV      CELL     MAT BAL   DPRESS    DSGAS
 OIL-0.00004( 23, 16,  1) -1.1D-11   -19.41 -0.00062
 GAS-0.00004( 23, 16,  1) -1.0D-10   -19.41 -0.00062

 STEP   15 TIME=     42.19  DAYS (   +10.3  DAYS TRNC  3 ITS) (12-JAN-2016)
  PAV=  5226.1  PSIA   WCT= 0.00 GOR=     0.89 MSCF/STB WGR= 0.00000  STB/MSCF

 IT= 0   CNV      CELL     MAT BAL   DPRESS    DSGAS
 OIL 0.09157(***,  1,  1)  5.2D-03     0.00  0.00000
 GAS 0.07613( 29, 18,  1)  4.9D-03     0.00  0.00000

       LINIT= 3 NSCHP=      1520 NCHOP=         0 NSTAT1,2,3=         0     22040
 IT= 1   CNV      CELL     MAT BAL   DPRESS    DSGAS
 OIL 0.08327( 14,  1,  1)  9.5D-04  -150.94  0.00246
 GAS-0.04832(***,  1,  1) -1.3D-03  -210.35  0.00000

       LINIT= 3 NSCHP=         0 NCHOP=         0 NSTAT1,2,3=         0     22040
 IT= 2   CNV      CELL     MAT BAL   DPRESS    DSGAS
 OIL 0.00209(***, 13,  1)  3.3D-08   -73.42  0.00228
 GAS-0.00393( 14,  1,  1)  9.9D-06  -182.94  0.00880

       LINIT= 2 NSCHP=         0 NCHOP=         0 NSTAT1,2,3=         0     22040
 IT= 3   CNV      CELL     MAT BAL   DPRESS    DSGAS
 OIL 0.00005(***, 17,  1) -1.4D-10   -74.37  0.00217
 GAS 0.00002(***, 17,  1)  2.7D-09   -74.37  0.00217

 STEP   16 TIME=     57.57  DAYS (   +15.4  DAYS TRNC  3 ITS) (27-JAN-2016)
  PAV=  5119.6  PSIA   WCT= 0.00 GOR=     0.89 MSCF/STB WGR= 0.00000  STB/MSCF

 IT= 0   CNV      CELL     MAT BAL   DPRESS    DSGAS
 OIL 0.06777( 56,  1,  1)  4.9D-03     0.00  0.00000
 GAS 0.06295(***,  1,  1)  4.7D-03     0.00  0.00000

       LINIT= 4 NSCHP=      1520 NCHOP=         0 NSTAT1,2,3=         0     23560
 IT= 1   CNV      CELL     MAT BAL   DPRESS    DSGAS
 OIL 0.02941( 56,  1,  1)  4.4D-04  -139.59  0.03408
 GAS-0.02546(***,  1,  1) -7.8D-04  -179.79  0.00000

       LINIT= 3 NSCHP=         0 NCHOP=         0 NSTAT1,2,3=         0     23560
 IT= 2   CNV      CELL     MAT BAL   DPRESS    DSGAS
 OIL 0.00016(***, 17,  1)  3.3D-07   -58.17  0.00040
 GAS-0.00092( 61, 17,  1)  2.4D-06   -58.17  0.00040

       LINIT= 1 NSCHP=         0 NCHOP=         0 NSTAT1,2,3=         0     23560
 IT= 3   CNV      CELL     MAT BAL   DPRESS    DSGAS
 OIL 0.00006( 23,  1,  1) -2.7D-11   -12.09  0.00012
 GAS 0.00005( 23,  1,  1)  8.6D-11   -12.09  0.00012

 STEP   17 TIME=     74.27  DAYS (   +16.7  DAYS TRNC  3 ITS) (13-FEB-2016)
  PAV=  5018.8  PSIA   WCT= 0.00 GOR=     0.89 MSCF/STB WGR= 0.00000  STB/MSCF

 IT= 0   CNV      CELL     MAT BAL   DPRESS    DSGAS
 OIL 0.07440(***, 19,  1)  7.1D-03     0.00  0.00000
 GAS 0.07703( 30, 17,  1)  6.8D-03     0.00  0.00000

       LINIT= 4 NSCHP=         0 NCHOP=         0 NSTAT1,2,3=         0     25080
 IT= 1   CNV      CELL     MAT BAL   DPRESS    DSGAS
 OIL-0.01267( 16,  1,  1)  1.7D-04  -102.58  0.00121
 GAS-0.02448(***,  1,  1) -7.9D-04  -238.49  0.00000

       LINIT= 3 NSCHP=         0 NCHOP=         0 NSTAT1,2,3=         0     25000
 IT= 2   CNV      CELL     MAT BAL   DPRESS    DSGAS
 OIL-0.00115(***, 19,  1) -5.6D-06  -208.30  0.00000
 GAS 0.00125(***, 19,  1)  6.9D-06  -208.30  0.00000

       LINIT= 2 NSCHP=         0 NCHOP=         0 NSTAT1,2,3=         0     25000
 IT= 3   CNV      CELL     MAT BAL   DPRESS    DSGAS
 OIL 0.00000(109, 18,  1)  4.9D-10   -14.62 -0.00031
 GAS 0.00000(109, 18,  1) -1.1D-08   -14.62 -0.00031

 STEP   18 TIME=    102.02  DAYS (   +27.7  DAYS TRNC  3 ITS) (12-MAR-2016)
  PAV=  4879.5  PSIA   WCT= 0.00 GOR=     0.87 MSCF/STB WGR= 0.00000  STB/MSCF

 IT= 0   CNV      CELL     MAT BAL   DPRESS    DSGAS
 OIL 0.08129( 12,  1,  1)  7.1D-03     0.00  0.00000
 GAS 0.06955( 13, 17,  1)  6.7D-03     0.00  0.00000

       LINIT= 4 NSCHP=      1520 NCHOP=         0 NSTAT1,2,3=         0     26520
 IT= 1   CNV      CELL     MAT BAL   DPRESS    DSGAS
 OIL 0.07786(227,  1,  1)  1.1D-03  -144.73  0.00119
 GAS-0.05606(  6, 19,  1) -1.6D-03  -201.32  0.00000

       LINIT= 3 NSCHP=         0 NCHOP=         0 NSTAT1,2,3=         0     26520
 IT= 2   CNV      CELL     MAT BAL   DPRESS    DSGAS
 OIL 0.00109(***,  1,  1) -1.1D-06  -174.33  0.00744
 GAS-0.00370(***,  1,  1)  1.0D-05  -174.33  0.00744

       LINIT= 2 NSCHP=         0 NCHOP=         0 NSTAT1,2,3=         0     26520
 IT= 3   CNV      CELL     MAT BAL   DPRESS    DSGAS
 OIL 0.00003( 23, 19,  1) -2.9D-10   -11.08  0.00098
 GAS 0.00003( 23, 19,  1)  2.0D-09   -11.08  0.00098

 STEP   19 TIME=    134.37  DAYS (   +32.4  DAYS TRNC  3 ITS) (13-APR-2016)
  PAV=  4747.9  PSIA   WCT= 0.00 GOR=     0.89 MSCF/STB WGR= 0.00000  STB/MSCF

 IT= 0   CNV      CELL     MAT BAL   DPRESS    DSGAS
 OIL 0.04146( 11,  1,  1)  4.4D-03     0.00  0.00000
 GAS 0.04001( 12,  1,  1)  4.2D-03     0.00  0.00000

       LINIT= 4 NSCHP=      1440 NCHOP=         0 NSTAT1,2,3=         0     28040
 IT= 1   CNV      CELL     MAT BAL   DPRESS    DSGAS
 OIL 0.01034(***, 19,  1)  2.2D-04  -124.99  0.00000
 GAS-0.02371(***, 19,  1) -5.8D-04  -124.99  0.00000

       LINIT= 2 NSCHP=         0 NCHOP=         0 NSTAT1,2,3=         0     28040
 IT= 2   CNV      CELL     MAT BAL   DPRESS    DSGAS
 OIL 0.00032( 28, 14,  1)  2.3D-07   -46.70  0.00017
 GAS 0.00012( 28, 14,  1)  2.6D-07   -46.70  0.00017

       LINIT= 1 NSCHP=         0 NCHOP=         0 NSTAT1,2,3=         0     28040
 IT= 3   CNV      CELL     MAT BAL   DPRESS    DSGAS
 OIL-0.00005( 23, 14,  1) -7.3D-12    -6.40 -0.00003
 GAS-0.00005( 23, 14,  1) -3.8D-11    -6.40 -0.00003

 STEP   20 TIME=    157.19  DAYS (   +22.8  DAYS HALF  3 ITS) (6-MAY-2016)
  PAV=  4670.5  PSIA   WCT= 0.00 GOR=     0.89 MSCF/STB WGR= 0.00000  STB/MSCF

 IT= 0   CNV      CELL     MAT BAL   DPRESS    DSGAS
 OIL 0.03676( 11, 19,  1)  4.0D-03     0.00  0.00000
 GAS 0.03286( 12, 17,  1)  3.9D-03     0.00  0.00000

       LINIT= 4 NSCHP=        80 NCHOP=         0 NSTAT1,2,3=         0     28120
 IT= 1   CNV      CELL     MAT BAL   DPRESS    DSGAS
 OIL 0.02430( 11, 19,  1) -4.3D-06   -72.73  0.01126
 GAS-0.01570(***, 19,  1) -1.6D-04   -72.73  0.01126

       LINIT= 3 NSCHP=         0 NCHOP=         0 NSTAT1,2,3=         0     28120
 IT= 2   CNV      CELL     MAT BAL   DPRESS    DSGAS
 OIL 0.00018(***, 19,  1) -3.7D-08   -85.36  0.01529
 GAS-0.00074( 11, 19,  1) -2.2D-07   -85.36  0.01529

 STEP   21 TIME=    180.00  DAYS (   +22.8  DAYS REPT  2 ITS) (29-MAY-2016)
  PAV=  4606.1  PSIA   WCT= 0.00 GOR=     0.91 MSCF/STB WGR= 0.00000  STB/MSCF

 @--MESSAGE  AT TIME      180.0   DAYS    (29-MAY-2016):
 @           RESTART FILE WRITTEN   REPORT     1
 @           RESTART INCLUDES WATER AND GAS PHASE PRESSURES
   765 READING WCONPROD
   766 READING TSTEP

 IT= 0   CNV      CELL     MAT BAL   DPRESS    DSGAS
 OIL1.64E+02(***,  1,  1)  4.2D-02     0.00  0.00000
 GAS1.64E+02( 22,  1,  1)  4.2D-02     0.00  0.00000

       LINIT= 4 NSCHP=      1440 NCHOP=         0 NSTAT1,2,3=         0     32520
 IT= 1   CNV      CELL     MAT BAL   DPRESS    DSGAS
 OIL 6.59257(***,  1,  1)  3.8D-03  -121.64  0.00356
 GAS-2.36580(***,  1,  1) -5.8D-03  -121.64  0.00356

       LINIT= 2 NSCHP=         0 NCHOP=         0 NSTAT1,2,3=         0     32440
 IT= 2   CNV      CELL     MAT BAL   DPRESS    DSGAS
 OIL 0.20911( 65,  1,  1)  3.8D-05  -125.26  0.01242
 GAS-0.97350( 65,  1,  1) -2.0D-04  -125.26  0.01242

       LINIT= 1 NSCHP=         0 NCHOP=         0 NSTAT1,2,3=         0     32440
 IT= 3   CNV      CELL     MAT BAL   DPRESS    DSGAS
 OIL-0.00022(***, 19,  1)  3.5D-09  -124.34  0.00889
 GAS-0.00027(***, 19,  1) -4.6D-08  -124.34  0.00889

 STEP   22 TIME=    221.48  DAYS (   +41.5  DAYS TRNC  3 ITS) (9-JLY-2016)
  PAV=  4512.9  PSIA   WCT= 0.00 GOR=     1.24 MSCF/STB WGR= 0.00000  STB/MSCF

 IT= 0   CNV      CELL     MAT BAL   DPRESS    DSGAS
 OIL 0.08728(***, 19,  1)  1.1D-02     0.00  0.00000
 GAS 0.09358( 54, 17,  1)  1.5D-02     0.00  0.00000

       LINIT= 5 NSCHP=        80 NCHOP=         0 NSTAT1,2,3=         0     32680
 IT= 1   CNV      CELL     MAT BAL   DPRESS    DSGAS
 OIL 0.06612( 96, 19,  1)  3.4D-04  -160.47  0.01612
 GAS-0.04562(  1, 18,  1) -1.5D-03  -196.25  0.00000

       LINIT= 4 NSCHP=         0 NCHOP=         0 NSTAT1,2,3=         0     32680
 IT= 2   CNV      CELL     MAT BAL   DPRESS    DSGAS
 OIL 0.00101(***, 18,  1)  1.8D-06  -114.45  0.00135
 GAS 0.00403(***, 19,  1) -5.4D-06  -108.16  0.00106

       LINIT= 2 NSCHP=         0 NCHOP=         0 NSTAT1,2,3=         0     32680
 IT= 3   CNV      CELL     MAT BAL   DPRESS    DSGAS
 OIL 0.00000( 66, 17,  1) -2.9D-10   -14.64 -0.00326
 GAS 0.00000( 66, 17,  1) -1.7D-09   -14.64 -0.00326

 STEP   23 TIME=    290.74  DAYS (   +69.3  DAYS HALF  3 ITS) (16-SEP-2016)
  PAV=  4413.6  PSIA   WCT= 0.00 GOR=     1.06 MSCF/STB WGR= 0.00000  STB/MSCF

 IT= 0   CNV      CELL     MAT BAL   DPRESS    DSGAS
 OIL 0.06765( 35,  1,  1)  8.3D-03     0.00  0.00000
 GAS 0.07049(268, 17,  1)  1.0D-02     0.00  0.00000

       LINIT= 4 NSCHP=      1520 NCHOP=         0 NSTAT1,2,3=         0     32680
 IT= 1   CNV      CELL     MAT BAL   DPRESS    DSGAS
 OIL 0.04990(***, 18,  1)  6.0D-04  -141.26  0.01637
 GAS-0.03267(  9,  1,  1) -9.0D-04  -142.61  0.01271

       LINIT= 3 NSCHP=         0 NCHOP=         0 NSTAT1,2,3=         0     32680
 IT= 2   CNV      CELL     MAT BAL   DPRESS    DSGAS
 OIL 0.00059(***, 18,  1) -2.3D-06  -163.04  0.02177
 GAS 0.00233( 13, 18,  1)  5.6D-06   -88.02  0.00203

       LINIT= 2 NSCHP=         0 NCHOP=         0 NSTAT1,2,3=         0     32680
 IT= 3   CNV      CELL     MAT BAL   DPRESS    DSGAS
 OIL-0.00003( 23, 19,  1) -5.1D-10    -5.83 -0.00183
 GAS-0.00005( 23, 19,  1)  3.2D-09    -5.83 -0.00183

 STEP   24 TIME=    360.00  DAYS (   +69.3  DAYS REPT  3 ITS) (25-NOV-2016)
  PAV=  4330.8  PSIA   WCT= 0.00 GOR=     1.01 MSCF/STB WGR= 0.00000  STB/MSCF

 @--MESSAGE  AT TIME      360.0   DAYS    (25-NOV-2016):
 @           RESTART FILE WRITTEN   REPORT     2
 @           RESTART INCLUDES WATER AND GAS PHASE PRESSURES
   767 READING WCONPROD
   768 READING TSTEP

 IT= 0   CNV      CELL     MAT BAL   DPRESS    DSGAS
 OIL-0.52590(***,  1,  1)  9.5D-03     0.00  0.00000
 GAS-0.60708( 22,  1,  1)  1.1D-02     0.00  0.00000

       LINIT= 4 NSCHP=      1440 NCHOP=         0 NSTAT1,2,3=         0     32680
 IT= 1   CNV      CELL     MAT BAL   DPRESS    DSGAS
 OIL 0.02366(100, 19,  1) -6.5D-06   -61.87  0.00145
 GAS-0.01490( 22,  1,  1) -6.7D-04    -1.97 -0.00122

       LINIT= 3 NSCHP=         0 NCHOP=         0 NSTAT1,2,3=         0     32680
 IT= 2   CNV      CELL     MAT BAL   DPRESS    DSGAS
 OIL-0.00009( 14, 19,  1) -3.1D-07   -60.75  0.00123
 GAS 0.00052( 12,  1,  1)  7.7D-07   -97.90  0.00125

       LINIT= 1 NSCHP=         0 NCHOP=         0 NSTAT1,2,3=         0     32680
 IT= 3   CNV      CELL     MAT BAL   DPRESS    DSGAS
 OIL 0.00006(***, 19,  1) -5.0D-12    -5.20  0.00016
 GAS 0.00006(***, 19,  1) -5.6D-12    -5.20  0.00016

 STEP   25 TIME=    450.00  DAYS (   +90.0  DAYS HALF  3 ITS) (23-FEB-2017)
  PAV=  4237.8  PSIA   WCT= 0.00 GOR=     0.99 MSCF/STB WGR= 0.00000  STB/MSCF

 IT= 0   CNV      CELL     MAT BAL   DPRESS    DSGAS
 OIL 0.05105(  8, 19,  1)  8.5D-03     0.00  0.00000
 GAS 0.05554(138, 15,  1)  9.8D-03     0.00  0.00000

       LINIT= 4 NSCHP=        80 NCHOP=         0 NSTAT1,2,3=         0     32680
 IT= 1   CNV      CELL     MAT BAL   DPRESS    DSGAS
 OIL 0.02376(***, 19,  1) -5.5D-05  -104.07  0.02501
 GAS-0.01568(***, 19,  1) -3.8D-04  -104.07  0.02501

       LINIT= 3 NSCHP=         0 NCHOP=         0 NSTAT1,2,3=         0     32680
 IT= 2   CNV      CELL     MAT BAL   DPRESS    DSGAS
 OIL 0.00014(***, 19,  1) -2.8D-07  -114.68  0.02812
 GAS-0.00058(  8, 19,  1) -7.3D-07  -114.69  0.02812

       LINIT= 2 NSCHP=         0 NCHOP=         0 NSTAT1,2,3=         0     32680
 IT= 3   CNV      CELL     MAT BAL   DPRESS    DSGAS
 OIL-0.00001( 23, 18,  1) -4.6D-14    -3.91  0.00072
 GAS-0.00001( 23, 18,  1)  7.6D-12    -3.91  0.00072

 STEP   26 TIME=    540.00  DAYS (   +90.0  DAYS REPT  3 ITS) (24-MAY-2017)
  PAV=  4154.5  PSIA   WCT= 0.00 GOR=     1.00 MSCF/STB WGR= 0.00000  STB/MSCF

 @--MESSAGE  AT TIME      540.0   DAYS    (24-MAY-2017):
 @           RESTART FILE WRITTEN   REPORT     3
 @           RESTART INCLUDES WATER AND GAS PHASE PRESSURES
   769 READING WCONPROD
   770 READING TSTEP

 IT= 0   CNV      CELL     MAT BAL   DPRESS    DSGAS
 OIL-1.35009( 65,  1,  1)  7.3D-03     0.00  0.00000
 GAS-1.59022( 22,  1,  1)  8.6D-03     0.00  0.00000

       LINIT= 3 NSCHP=      1440 NCHOP=         0 NSTAT1,2,3=         0     32680
 IT= 1   CNV      CELL     MAT BAL   DPRESS    DSGAS
 OIL 0.01659( 37,  1,  1)  2.3D-04  -112.64  0.02676
 GAS-0.01210( 37,  1,  1) -6.5D-04  -112.64  0.02676

       LINIT= 3 NSCHP=         0 NCHOP=         0 NSTAT1,2,3=         0     32680
 IT= 2   CNV      CELL     MAT BAL   DPRESS    DSGAS
 OIL 0.00008( 37,  1,  1) -1.3D-06  -118.63  0.02980
 GAS-0.00042(  7,  1,  1)  1.2D-06  -118.63  0.02980

       LINIT= 2 NSCHP=         0 NCHOP=         0 NSTAT1,2,3=         0     32680
 IT= 3   CNV      CELL     MAT BAL   DPRESS    DSGAS
 OIL 0.00000(***, 18,  1) -1.6D-11    -2.90  0.00059
 GAS 0.00000( 23, 19,  1)  1.2D-10    -2.74  0.00054

 STEP   27 TIME=    630.00  DAYS (   +90.0  DAYS HALF  3 ITS) (22-AUG-2017)
  PAV=  4079.1  PSIA   WCT= 0.00 GOR=     1.01 MSCF/STB WGR= 0.00000  STB/MSCF

 IT= 0   CNV      CELL     MAT BAL   DPRESS    DSGAS
 OIL 0.03568(***, 19,  1)  6.9D-03     0.00  0.00000
 GAS 0.04013(***, 16,  1)  8.3D-03     0.00  0.00000

       LINIT= 4 NSCHP=        80 NCHOP=         0 NSTAT1,2,3=         0     32680
 IT= 1   CNV      CELL     MAT BAL   DPRESS    DSGAS
 OIL 0.00318( 30,  1,  1) -1.2D-04   -33.05  0.00180
 GAS 0.00363( 22,  5,  1) -1.8D-04    -1.01  0.00085

       LINIT= 2 NSCHP=         0 NCHOP=         0 NSTAT1,2,3=         0     32680
 IT= 2   CNV      CELL     MAT BAL   DPRESS    DSGAS
 OIL-0.00006(***, 19,  1) -3.0D-08    -2.74 -0.00022
 GAS 0.00006(***, 18,  1) -2.1D-07    -2.56  0.00081

 STEP   28 TIME=    720.00  DAYS (   +90.0  DAYS REPT  2 ITS) (20-NOV-2017)
  PAV=  4010.0  PSIA   WCT= 0.00 GOR=     1.03 MSCF/STB WGR= 0.00000  STB/MSCF

 @--MESSAGE  AT TIME      720.0   DAYS    (20-NOV-2017):
 @           RESTART FILE WRITTEN   REPORT     4
 @           RESTART INCLUDES WATER AND GAS PHASE PRESSURES
   771 READING WCONPROD
   772 READING TSTEP


 @--WARNING  AT TIME      720.0   DAYS    (20-NOV-2017):
 @           THE RESERVOIR PRESSURE IS TOO LOW FOR WELL PROD1
 @           TO PRODUCE AT THE REQUIRED BOTTOM HOLE PRESSURE

 @--MESSAGE  AT TIME      720.0   DAYS    (20-NOV-2017):
 @           WELL PROD1    CANNOT OPERATE UNDER THE CURRENT
 @           RESERVOIR CONDITIONS IN NON-LINEAR ITERATION   0.
 @           ITS IPR IS    Q(P)  =  A  -  BHP * B ,   WHERE:
 @           A =   2.7709E+03  2.8602E+03
 @           B =   2.7347E+00  2.8228E+00
 @           THE WELL IS   SHUT  FOR THE ITERATION.
 @           LAST CONVERGED SOLUTION IS:
 @           BHP       1.0018E+03
 @           THP       0.0000E+00
 @           RATE   OIL  :  3.1183E+01
 @           RATE   GAS  :  3.2188E+01
 IT= 0   CNV      CELL     MAT BAL   DPRESS    DSGAS
 OIL-2.9E+01( 65,  1,  1) -1.1D-18     0.00  0.00000
 GAS-3.6E+01(280,  1,  1)  1.8D-18     0.00  0.00000

       LINIT= 5 NSCHP=        40 NCHOP=         0 NSTAT1,2,3=         0     32680

 @--MESSAGE  AT TIME      720.0   DAYS    (20-NOV-2017):
 @           WELL PROD1    IS REVIVED FOR ITERATION   1
 IT= 1   CNV      CELL     MAT BAL   DPRESS    DSGAS
 OIL6.60E+02( 22,  1,  1)  1.4D-01   246.59 -0.03632
 GAS1.83E+02( 22,  1,  1)  4.1D-02   246.59 -0.03632

       LINIT= 5 NSCHP=         0 NCHOP=         0 NSTAT1,2,3=         0     32680
 IT= 2   CNV      CELL     MAT BAL   DPRESS    DSGAS
 OIL30.38439( 22,  1,  1)  5.6D-03    53.00 -0.03348
 GAS-2.0E+01(***,  1,  1) -1.9D-03    53.00 -0.03348

       LINIT= 3 NSCHP=         0 NCHOP=         0 NSTAT1,2,3=         0     32680
 IT= 3   CNV      CELL     MAT BAL   DPRESS    DSGAS
 OIL 1.63092( 22,  1,  1)  3.6D-04    44.95 -0.01849
 GAS-8.35116( 22,  1,  1) -1.8D-03    44.95 -0.01849

       LINIT= 1 NSCHP=         0 NCHOP=         0 NSTAT1,2,3=         0     32680
 IT= 4   CNV      CELL     MAT BAL   DPRESS    DSGAS
 OIL-0.00028( 23,  1,  1) -2.7D-08    42.92 -0.00390
 GAS 0.00054(***,  1,  1)  1.4D-07    44.96 -0.00573

 STEP   29 TIME=    810.00  DAYS (   +90.0  DAYS HALF  4 ITS) (18-FEB-2018)
  PAV=  3950.5  PSIA   WCT= 0.00 GOR=     0.90 MSCF/STB WGR= 0.00000  STB/MSCF

 IT= 0   CNV      CELL     MAT BAL   DPRESS    DSGAS
 OIL 0.02908( 38,  1,  1)  5.4D-03     0.00  0.00000
 GAS 0.03215(***, 16,  1)  5.9D-03     0.00  0.00000

       LINIT= 4 NSCHP=      1440 NCHOP=         0 NSTAT1,2,3=         0     33920
 IT= 1   CNV      CELL     MAT BAL   DPRESS    DSGAS
 OIL 0.02898( 38,  1,  1)  7.6D-04   -73.04  0.00126
 GAS-0.01913( 38,  1,  1) -6.8D-04   -73.04  0.00126

       LINIT= 3 NSCHP=         0 NCHOP=         0 NSTAT1,2,3=         0     33840
 IT= 2   CNV      CELL     MAT BAL   DPRESS    DSGAS
 OIL-0.00108(***, 20,  1) -4.7D-06  -106.27  0.00000
 GAS-0.00203(  6,  1,  1)  6.8D-06   -89.81  0.00875

       LINIT= 2 NSCHP=         0 NCHOP=         0 NSTAT1,2,3=         0     33840
 IT= 3   CNV      CELL     MAT BAL   DPRESS    DSGAS
 OIL 0.00001(***, 19,  1) -3.4D-09    -0.15  0.00251
 GAS-0.00002( 23, 19,  1) -7.5D-09    -0.15  0.00251

 STEP   30 TIME=    900.00  DAYS (   +90.0  DAYS REPT  3 ITS) (19-MAY-2018)
  PAV=  3893.1  PSIA   WCT= 0.00 GOR=     0.97 MSCF/STB WGR= 0.00000  STB/MSCF

 @--MESSAGE  AT TIME      900.0   DAYS    (19-MAY-2018):
 @           RESTART FILE WRITTEN   REPORT     5
 @           RESTART INCLUDES WATER AND GAS PHASE PRESSURES
   773 READING WCONPROD
   774 READING TSTEP

 IT= 0   CNV      CELL     MAT BAL   DPRESS    DSGAS
 OIL11.73541( 22,  1,  1)  1.3D-02     0.00  0.00000
 GAS13.89973(***,  1,  1)  1.6D-02     0.00  0.00000

       LINIT= 4 NSCHP=        80 NCHOP=         0 NSTAT1,2,3=         0     34400
 IT= 1   CNV      CELL     MAT BAL   DPRESS    DSGAS
 OIL 0.14828(***,  1,  1)  6.5D-04    -3.37  0.00265
 GAS-0.72176(***,  1,  1) -1.9D-03    -3.37  0.00265

       LINIT= 3 NSCHP=         0 NCHOP=         0 NSTAT1,2,3=         0     34400
 IT= 2   CNV      CELL     MAT BAL   DPRESS    DSGAS
 OIL-0.00094(***,  1,  1)  1.3D-06    -3.31  0.00334
 GAS 0.00504(***,  1,  1)  4.8D-07    -3.31  0.00334

       LINIT= 2 NSCHP=         0 NCHOP=         0 NSTAT1,2,3=         0     34400
 IT= 3   CNV      CELL     MAT BAL   DPRESS    DSGAS
 OIL 0.00000( 23, 19,  1) -7.5D-11    -5.26  0.00135
 GAS 0.00000(***,  1,  1) -3.7D-10    -4.52  0.00337

 STEP   31 TIME=   1080.00  DAYS (  +180.0  DAYS REPT  3 ITS) (15-NOV-2018)
  PAV=  3795.9  PSIA   WCT= 0.00 GOR=     1.06 MSCF/STB WGR= 0.00000  STB/MSCF

 @--MESSAGE  AT TIME     1080.0   DAYS    (15-NOV-2018):
 @           RESTART FILE WRITTEN   REPORT     6
 @           RESTART INCLUDES WATER AND GAS PHASE PRESSURES
   775 READING WCONPROD
   776 READING TSTEP

 IT= 0   CNV      CELL     MAT BAL   DPRESS    DSGAS
 OIL2.33E+02( 22,  1,  1)  5.9D-02     0.00  0.00000
 GAS3.07E+02(***,  1,  1)  7.8D-02     0.00  0.00000

       LINIT= 4 NSCHP=      1440 NCHOP=         0 NSTAT1,2,3=         0     34400
 IT= 1   CNV      CELL     MAT BAL   DPRESS    DSGAS
 OIL 3.79277(***,  1,  1)  2.1D-03   -45.27  0.00152
 GAS-1.30205(***,  1,  1) -1.7D-03   -45.27  0.00152

       LINIT= 3 NSCHP=         0 NCHOP=         0 NSTAT1,2,3=         0     34400
 IT= 2   CNV      CELL     MAT BAL   DPRESS    DSGAS
 OIL 0.06063( 22,  1,  1)  1.3D-05   -45.62  0.00721
 GAS-0.32360( 22,  1,  1) -6.1D-05   -45.62  0.00721

       LINIT= 2 NSCHP=         0 NCHOP=         0 NSTAT1,2,3=         0     34400
 IT= 3   CNV      CELL     MAT BAL   DPRESS    DSGAS
 OIL 0.00008(***, 19,  1)  1.0D-08   -46.15  0.00394
 GAS-0.00029( 22,  1,  1) -4.4D-08   -45.62  0.00741

 STEP   32 TIME=   1260.00  DAYS (  +180.0  DAYS REPT  3 ITS) (14-MAY-2019)
  PAV=  3703.8  PSIA   WCT= 0.00 GOR=     1.25 MSCF/STB WGR= 0.00000  STB/MSCF

 @--MESSAGE  AT TIME     1260.0   DAYS    (14-MAY-2019):
 @           RESTART FILE WRITTEN   REPORT     7
 @           RESTART INCLUDES WATER AND GAS PHASE PRESSURES
   777 READING WCONPROD
   778 READING TSTEP

 IT= 0   CNV      CELL     MAT BAL   DPRESS    DSGAS
 OIL 5.45581(***,  1,  1)  9.9D-03     0.00  0.00000
 GAS 8.66019( 22,  1,  1)  1.6D-02     0.00  0.00000

       LINIT= 4 NSCHP=      1440 NCHOP=         0 NSTAT1,2,3=         0     34400
 IT= 1   CNV      CELL     MAT BAL   DPRESS    DSGAS
 OIL 0.01625( 22,  1,  1)  1.8D-04    -2.34  0.00054
 GAS-0.05857( 22,  1,  1) -7.0D-04    -2.34  0.00054

       LINIT= 3 NSCHP=         0 NCHOP=         0 NSTAT1,2,3=         0     34400
 IT= 2   CNV      CELL     MAT BAL   DPRESS    DSGAS
 OIL-0.00005(***,  1,  1) -8.7D-08    -2.31  0.00066
 GAS 0.00030(***,  1,  1) -3.4D-07    -2.31  0.00066

       LINIT= 1 NSCHP=         0 NCHOP=         0 NSTAT1,2,3=         0     34400
 IT= 3   CNV      CELL     MAT BAL   DPRESS    DSGAS
 OIL 0.00005( 66, 18,  1)  2.7D-12    -4.04  0.00130
 GAS-0.00009( 66, 19,  1)  1.7D-11    -4.08 -0.00074

 STEP   33 TIME=   1440.00  DAYS (  +180.0  DAYS REPT  3 ITS) (10-NOV-2019)
  PAV=  3623.9  PSIA   WCT= 0.00 GOR=     1.27 MSCF/STB WGR= 0.00000  STB/MSCF

 @--MESSAGE  AT TIME     1440.0   DAYS    (10-NOV-2019):
 @           RESTART FILE WRITTEN   REPORT     8
 @           RESTART INCLUDES WATER AND GAS PHASE PRESSURES
   779 READING WCONPROD
   780 READING TSTEP

 IT= 0   CNV      CELL     MAT BAL   DPRESS    DSGAS
 OIL 0.03469(219, 18,  1)  7.4D-03     0.00  0.00000
 GAS 0.04661(  5, 14,  1)  1.2D-02     0.00  0.00000

       LINIT= 4 NSCHP=        80 NCHOP=         0 NSTAT1,2,3=         0     34400
 IT= 1   CNV      CELL     MAT BAL   DPRESS    DSGAS
 OIL 0.03398(***, 18,  1)  2.2D-04   -98.95  0.00416
 GAS-0.02242(***, 18,  1) -4.5D-04   -98.95  0.00416

       LINIT= 4 NSCHP=         0 NCHOP=         0 NSTAT1,2,3=         0     34400
 IT= 2   CNV      CELL     MAT BAL   DPRESS    DSGAS
 OIL 0.00054(***, 18,  1) -2.4D-08  -116.57  0.01346
 GAS-0.00312(  4, 18,  1) -5.1D-07  -116.57  0.01346

       LINIT= 3 NSCHP=         0 NCHOP=         0 NSTAT1,2,3=         0     34400
 IT= 3   CNV      CELL     MAT BAL   DPRESS    DSGAS
 OIL 0.00001( 23, 19,  1) -9.1D-09    -1.66 -0.00018
 GAS 0.00001( 40, 18,  1)  5.3D-09  -115.88  0.01405

 STEP   34 TIME=   1620.00  DAYS (  +180.0  DAYS REPT  3 ITS) (8-MAY-2020)
  PAV=  3550.8  PSIA   WCT= 0.00 GOR=     1.30 MSCF/STB WGR= 0.00000  STB/MSCF

 @--MESSAGE  AT TIME     1620.0   DAYS    ( 8-MAY-2020):
 @           RESTART FILE WRITTEN   REPORT     9
 @           RESTART INCLUDES WATER AND GAS PHASE PRESSURES
   781 READING WCONPROD
   782 READING TSTEP

 IT= 0   CNV      CELL     MAT BAL   DPRESS    DSGAS
 OIL 0.03125(***,  1,  1)  6.7D-03     0.00  0.00000
 GAS 0.04314(***,  1,  1)  1.1D-02     0.00  0.00000

       LINIT= 4 NSCHP=      1360 NCHOP=         0 NSTAT1,2,3=         0     34400
 IT= 1   CNV      CELL     MAT BAL   DPRESS    DSGAS
 OIL 0.01455(***,  1,  1)  5.3D-04  -101.68  0.02052
 GAS-0.01032(***,  1,  1) -5.9D-04  -101.68  0.02052

       LINIT= 4 NSCHP=         0 NCHOP=         0 NSTAT1,2,3=         0     34400
 IT= 2   CNV      CELL     MAT BAL   DPRESS    DSGAS
 OIL 0.00012(***,  1,  1) -4.4D-08  -108.65  0.02593
 GAS-0.00072(***,  1,  1) -4.2D-07  -108.65  0.02593

       LINIT= 2 NSCHP=         0 NCHOP=         0 NSTAT1,2,3=         0     34400
 IT= 3   CNV      CELL     MAT BAL   DPRESS    DSGAS
 OIL 0.00001( 23, 19,  1)  1.1D-10    -1.43  0.00060
 GAS-0.00002(***, 19,  1)  2.9D-10    -1.43  0.00060

 STEP   35 TIME=   1800.00  DAYS (  +180.0  DAYS REPT  3 ITS) (4-NOV-2020)
  PAV=  3482.4  PSIA   WCT= 0.00 GOR=     1.35 MSCF/STB WGR= 0.00000  STB/MSCF

 @--MESSAGE  AT TIME     1800.0   DAYS    ( 4-NOV-2020):
 @           RESTART FILE WRITTEN   REPORT    10
 @           RESTART INCLUDES WATER AND GAS PHASE PRESSURES
   783 READING END
           96 Mbytes of storage required
   2.4757     KB/active cell
           92 Mbytes (image size)

 Error summary
 Comments               1
 Warnings              18
 Problems               0
 Errors                 0
 Bugs                   0
 Final cpu      18.01 elapsed      18.01
 Total number of time steps forced to be accepted          0









































